#
# There is insufficient memory for the Java Runtime Environment to continue.
# Native memory allocation (mmap) failed to map 260046848 bytes. Error detail: G1 virtual space
# Possible reasons:
#   The system is out of physical RAM or swap space
#   This process is running with CompressedOops enabled, and the Java Heap may be blocking the growth of the native heap
# Possible solutions:
#   Reduce memory load on the system
#   Increase physical memory or swap space
#   Check if swap backing store is full
#   Decrease Java heap size (-Xmx/-Xms)
#   Decrease number of Java threads
#   Decrease Java thread stack sizes (-Xss)
#   Set larger code cache with -XX:ReservedCodeCacheSize=
#   JVM is running with Zero Based Compressed Oops mode in which the Java heap is
#     placed in the first 32GB address space. The Java Heap base address is the
#     maximum limit for the native heap growth. Please use -XX:HeapBaseMinAddress
#     to set the Java Heap base and to place the Java Heap above 32GB virtual address.
# This output file may be truncated or incomplete.
#
#  Out of Memory Error (os_windows.cpp:3898), pid=26776, tid=13276
#
# JRE version:  (21.0.6) (build )
# Java VM: OpenJDK 64-Bit Server VM (21.0.6+-13355223-b631.42, mixed mode, sharing, tiered, compressed oops, compressed class ptrs, g1 gc, windows-amd64)
# No core dump will be written. Minidumps are not enabled by default on client versions of Windows
#

---------------  S U M M A R Y ------------

Command Line: org.jetbrains.kotlin.cli.jvm.K2JVMCompiler @C:\Users\ROG STRIX\AndroidStudioProjects\CareSkin4\app\build\20250802_224122283638591476.compiler.options

Host: AMD Ryzen 7 4800H with Radeon Graphics         , 16 cores, 15G,  Windows 11 , 64 bit Build 22621 (10.0.22621.5415)
Time: Sat Aug  2 22:30:35 2025 Nepal Standard Time elapsed time: 0.013167 seconds (0d 0h 0m 0s)

---------------  T H R E A D  ---------------

Current thread (0x0000018f1ccb9880):  JavaThread "Unknown thread" [_thread_in_vm, id=13276, stack(0x000000879bc00000,0x000000879bd00000) (1024K)]

Stack: [0x000000879bc00000,0x000000879bd00000]
Native frames: (J=compiled Java code, j=interpreted, Vv=VM code, C=native code)
V  [jvm.dll+0x6d05a9]
V  [jvm.dll+0x85ea73]
V  [jvm.dll+0x860fce]
V  [jvm.dll+0x8616b3]
V  [jvm.dll+0x27e6e6]
V  [jvm.dll+0x6ccf45]
V  [jvm.dll+0x6c09fa]
V  [jvm.dll+0x35535b]
V  [jvm.dll+0x35cfb6]
V  [jvm.dll+0x3aef46]
V  [jvm.dll+0x3af218]
V  [jvm.dll+0x327a2c]
V  [jvm.dll+0x32871b]
V  [jvm.dll+0x8264b9]
V  [jvm.dll+0x3bc118]
V  [jvm.dll+0x80f768]
V  [jvm.dll+0x4502ce]
V  [jvm.dll+0x451a31]
C  [jli.dll+0x52ab]
C  [ucrtbase.dll+0x29333]
C  [KERNEL32.DLL+0x1259d]
C  [ntdll.dll+0x5af78]


---------------  P R O C E S S  ---------------

Threads class SMR info:
_java_thread_list=0x00007ff8dbaf1848, length=0, elements={
}

Java Threads: ( => current thread )
Total: 0

Other Threads:
  0x0000018f1cd1e400 WorkerThread "GC Thread#0"                     [id=20468, stack(0x000000879bd00000,0x000000879be00000) (1024K)]
  0x0000018f1cd2ec10 ConcurrentGCThread "G1 Main Marker"            [id=12080, stack(0x000000879be00000,0x000000879bf00000) (1024K)]
  0x0000018f1cd2f710 WorkerThread "G1 Conc#0"                       [id=11288, stack(0x000000879bf00000,0x000000879c000000) (1024K)]

[error occurred during error reporting (printing all threads), id 0xc0000005, EXCEPTION_ACCESS_VIOLATION (0xc0000005) at pc=0x00007ff8db2eaa67]
VM state: not at safepoint (not fully initialized)

VM Mutex/Monitor currently owned by a thread:  ([mutex/lock_event])
[0x00007ff8dbb5e4a0] Heap_lock - owner thread: 0x0000018f1ccb9880

Heap address: 0x0000000709400000, size: 3948 MB, Compressed Oops mode: Zero based, Oop shift amount: 3

CDS archive(s) mapped at: [0x0000000000000000-0x0000000000000000-0x0000000000000000), size 0, SharedBaseAddress: 0x0000000800000000, ArchiveRelocationMode: 1.
Narrow klass base: 0x0000000000000000, Narrow klass shift: 0, Narrow klass range: 0x0

GC Precious Log:
 CardTable entry size: 512
 Card Set container configuration: InlinePtr #cards 4 size 8 Array Of Cards #cards 16 size 48 Howl #buckets 8 coarsen threshold 3686 Howl Bitmap #cards 512 size 80 coarsen threshold 460 Card regions per heap region 1 cards per card region 4096

Heap:
 garbage-first heap   total 0K, used 0K [0x0000000709400000, 0x0000000800000000)
  region size 2048K, 0 young (0K), 0 survivors (0K)
 Metaspace       used 0K, committed 0K, reserved 0K
  class space    used 0K, committed 0K, reserved 0K

Heap Regions: E=young(eden), S=young(survivor), O=old, HS=humongous(starts), HC=humongous(continues), CS=collection set, F=free, TAMS=top-at-mark-start, PB=parsable bottom

Card table byte_map: [0x0000018f2fe60000,0x0000018f30620000] _byte_map_base: 0x0000018f2c616000

Marking Bits: (CMBitMap*) 0x0000018f1cd1eb00
 Bits: [0x0000018f30620000, 0x0000018f343d0000)

GC Heap History (0 events):
No events

Dll operation events (1 events):
Event: 0.009 Loaded shared library C:\Program Files\Android\Android Studio7\jbr\bin\java.dll

Deoptimization events (0 events):
No events

Classes loaded (0 events):
No events

Classes unloaded (0 events):
No events

Classes redefined (0 events):
No events

Internal exceptions (0 events):
No events

ZGC Phase Switch (0 events):
No events

VM Operations (0 events):
No events

Memory protections (0 events):
No events

Nmethod flushes (0 events):
No events

Events (0 events):
No events


Dynamic libraries:
0x00007ff60a2f0000 - 0x00007ff60a2fa000 	C:\Program Files\Android\Android Studio7\jbr\bin\java.exe
0x00007ff963330000 - 0x00007ff963547000 	C:\WINDOWS\SYSTEM32\ntdll.dll
0x00007ff961700000 - 0x00007ff9617c4000 	C:\WINDOWS\System32\KERNEL32.DLL
0x00007ff960a40000 - 0x00007ff960e12000 	C:\WINDOWS\System32\KERNELBASE.dll
0x00007ff960420000 - 0x00007ff960531000 	C:\WINDOWS\System32\ucrtbase.dll
0x00007ff94e330000 - 0x00007ff94e34b000 	C:\Program Files\Android\Android Studio7\jbr\bin\VCRUNTIME140.dll
0x00007ff94cfe0000 - 0x00007ff94cff8000 	C:\Program Files\Android\Android Studio7\jbr\bin\jli.dll
0x00007ff962930000 - 0x00007ff962ae1000 	C:\WINDOWS\System32\USER32.dll
0x00007ff957bb0000 - 0x00007ff957e4b000 	C:\WINDOWS\WinSxS\amd64_microsoft.windows.common-controls_6595b64144ccf1df_6.0.22621.5547_none_27104afb73855772\COMCTL32.dll
0x00007ff960920000 - 0x00007ff960946000 	C:\WINDOWS\System32\win32u.dll
0x00007ff9615f0000 - 0x00007ff961697000 	C:\WINDOWS\System32\msvcrt.dll
0x00007ff9631c0000 - 0x00007ff9631e9000 	C:\WINDOWS\System32\GDI32.dll
0x00007ff9606b0000 - 0x00007ff9607d3000 	C:\WINDOWS\System32\gdi32full.dll
0x00007ff960e20000 - 0x00007ff960eba000 	C:\WINDOWS\System32\msvcp_win.dll
0x00007ff963180000 - 0x00007ff9631b1000 	C:\WINDOWS\System32\IMM32.DLL
0x00007ff95d3b0000 - 0x00007ff95d3bc000 	C:\Program Files\Android\Android Studio7\jbr\bin\vcruntime140_1.dll
0x00007ff940620000 - 0x00007ff9406ad000 	C:\Program Files\Android\Android Studio7\jbr\bin\msvcp140.dll
0x00007ff8dafb0000 - 0x00007ff8dbc3b000 	C:\Program Files\Android\Android Studio7\jbr\bin\server\jvm.dll
0x00007ff9617d0000 - 0x00007ff961881000 	C:\WINDOWS\System32\ADVAPI32.dll
0x00007ff962d60000 - 0x00007ff962e08000 	C:\WINDOWS\System32\sechost.dll
0x00007ff960950000 - 0x00007ff960978000 	C:\WINDOWS\System32\bcrypt.dll
0x00007ff962ea0000 - 0x00007ff962fb4000 	C:\WINDOWS\System32\RPCRT4.dll
0x00007ff962e10000 - 0x00007ff962e81000 	C:\WINDOWS\System32\WS2_32.dll
0x00007ff95f2a0000 - 0x00007ff95f2ed000 	C:\WINDOWS\SYSTEM32\POWRPROF.dll
0x00007ff9591a0000 - 0x00007ff9591aa000 	C:\WINDOWS\SYSTEM32\VERSION.dll
0x00007ff956510000 - 0x00007ff956544000 	C:\WINDOWS\SYSTEM32\WINMM.dll
0x00007ff95f280000 - 0x00007ff95f293000 	C:\WINDOWS\SYSTEM32\UMPDC.dll
0x00007ff95f540000 - 0x00007ff95f558000 	C:\WINDOWS\SYSTEM32\kernel.appcore.dll
0x00007ff95b1c0000 - 0x00007ff95b1ca000 	C:\Program Files\Android\Android Studio7\jbr\bin\jimage.dll
0x00007ff95dd80000 - 0x00007ff95dfb3000 	C:\WINDOWS\SYSTEM32\DBGHELP.DLL
0x00007ff961b90000 - 0x00007ff961f23000 	C:\WINDOWS\System32\combase.dll
0x00007ff962850000 - 0x00007ff962927000 	C:\WINDOWS\System32\OLEAUT32.dll
0x00007ff957f40000 - 0x00007ff957f72000 	C:\WINDOWS\SYSTEM32\dbgcore.DLL
0x00007ff960ec0000 - 0x00007ff960f3b000 	C:\WINDOWS\System32\bcryptPrimitives.dll
0x00007ff94db90000 - 0x00007ff94dbb0000 	C:\Program Files\Android\Android Studio7\jbr\bin\java.dll

dbghelp: loaded successfully - version: 4.0.5 - missing functions: none
symbol engine: initialized successfully - sym options: 0x614 - pdb path: .;C:\Program Files\Android\Android Studio7\jbr\bin;C:\WINDOWS\SYSTEM32;C:\WINDOWS\WinSxS\amd64_microsoft.windows.common-controls_6595b64144ccf1df_6.0.22621.5547_none_27104afb73855772;C:\Program Files\Android\Android Studio7\jbr\bin\server

VM Arguments:
java_command: org.jetbrains.kotlin.cli.jvm.K2JVMCompiler @C:\Users\ROG STRIX\AndroidStudioProjects\CareSkin4\app\build\20250802_224122283638591476.compiler.options
java_class_path (initial): C:\Users\ROG STRIX\.gradle\caches\modules-2\files-2.1\org.jetbrains.kotlin\kotlin-compiler-embeddable\2.0.21\79346ed53db48b18312a472602eb5c057070c54d\kotlin-compiler-embeddable-2.0.21.jar;C:\Users\ROG STRIX\.gradle\caches\modules-2\files-2.1\org.jetbrains.kotlin\kotlin-stdlib\2.0.21\618b539767b4899b4660a83006e052b63f1db551\kotlin-stdlib-2.0.21.jar;C:\Users\ROG STRIX\.gradle\caches\modules-2\files-2.1\org.jetbrains.kotlin\kotlin-script-runtime\2.0.21\c9b044380ad41f89aa89aa896c2d32a8c0b2129d\kotlin-script-runtime-2.0.21.jar;C:\Users\ROG STRIX\.gradle\caches\modules-2\files-2.1\org.jetbrains.kotlin\kotlin-reflect\1.6.10\1cbe9c92c12a94eea200d23c2bbaedaf3daf5132\kotlin-reflect-1.6.10.jar;C:\Users\ROG STRIX\.gradle\caches\modules-2\files-2.1\org.jetbrains.kotlin\kotlin-daemon-embeddable\2.0.21\c9e933b23287de9b5a17e2116b4657bb91aea72c\kotlin-daemon-embeddable-2.0.21.jar;C:\Users\ROG STRIX\.gradle\caches\modules-2\files-2.1\org.jetbrains.intellij.deps\trove4j\1.0.20200330\3afb14d5f9ceb459d724e907a21145e8ff394f02\trove4j-1.0.20200330.jar;C:\Users\ROG STRIX\.gradle\caches\modules-2\files-2.1\org.jetbrains.kotlinx\kotlinx-coroutines-core-jvm\1.6.4\2c997cd1c0ef33f3e751d3831929aeff1390cb30\kotlinx-coroutines-core-jvm-1.6.4.jar;C:\Users\ROG STRIX\.gradle\caches\modules-2\files-2.1\org.jetbrains\annotations\13.0\919f0dfe192fb4e063e7dacadee7f8bb9a2672a9\annotations-13.0.jar
Launcher Type: SUN_STANDARD

[Global flags]
     intx CICompilerCount                          = 12                                        {product} {ergonomic}
     uint ConcGCThreads                            = 3                                         {product} {ergonomic}
     uint G1ConcRefinementThreads                  = 13                                        {product} {ergonomic}
   size_t G1HeapRegionSize                         = 2097152                                   {product} {ergonomic}
    uintx GCDrainStackTargetSize                   = 64                                        {product} {ergonomic}
   size_t InitialHeapSize                          = 260046848                                 {product} {ergonomic}
   size_t MarkStackSize                            = 4194304                                   {product} {ergonomic}
   size_t MaxHeapSize                              = 4139778048                                {product} {ergonomic}
   size_t MinHeapDeltaBytes                        = 2097152                                   {product} {ergonomic}
   size_t MinHeapSize                              = 8388608                                   {product} {ergonomic}
    uintx NonNMethodCodeHeapSize                   = 7602480                                {pd product} {ergonomic}
    uintx NonProfiledCodeHeapSize                  = 122027880                              {pd product} {ergonomic}
    uintx ProfiledCodeHeapSize                     = 122027880                              {pd product} {ergonomic}
    uintx ReservedCodeCacheSize                    = 251658240                              {pd product} {ergonomic}
     bool SegmentedCodeCache                       = true                                      {product} {ergonomic}
   size_t SoftMaxHeapSize                          = 4139778048                             {manageable} {ergonomic}
     bool UseCompressedOops                        = true                           {product lp64_product} {ergonomic}
     bool UseG1GC                                  = true                                      {product} {ergonomic}
     bool UseLargePagesIndividualAllocation        = false                                  {pd product} {ergonomic}

Logging:
Log output configuration:
 #0: stdout all=warning uptime,level,tags foldmultilines=false
 #1: stderr all=off uptime,level,tags foldmultilines=false

Environment Variables:
PATH=C:\Program Files\Common Files\Oracle\Java\javapath;C:\Windows\system32;C:\Windows;C:\Windows\System32\Wbem;C:\Windows\System32\WindowsPowerShell\v1.0\;C:\Windows\System32\OpenSSH\;C:\Program Files (x86)\NVIDIA Corporation\PhysX\Common;C:\Program Files\NVIDIA Corporation\NVIDIA NvDLISR;C:\Program Files\Microsoft SQL Server\120\Tools\Binn\;C:\Program Files\Common Files\Autodesk Shared\;C:\WINDOWS\system32;C:\WINDOWS;C:\WINDOWS\System32\Wbem;C:\WINDOWS\System32\WindowsPowerShell\v1.0\;C:\WINDOWS\System32\OpenSSH\;C:\Program Files\Git\cmd;C:\Program Files\nodejs\;C:\Program Files\MongoDB\Server\8.0\bin;C:\Program Files\MongoDB\Server\8.0\bin;C:\Program Files\MySQL\MySQL Shell 8.0\bin\;C:\Users\ROG STRIX\AppData\Local\Programs\Python\Python38\Scripts\;C:\Users\ROG STRIX\AppData\Local\Programs\Python\Python38\;C:\Users\ROG STRIX\AppData\Local\Microsoft\WindowsApps;C:\MinGW\bin;C:\Users\ROG STRIX\AppData\Local\Programs\Microsoft VS Code\bin;C:\Users\ROG STRIX\AppData\Roaming\npm;C:\Users\ROG STRIX\AppData\Local\Programs\cursor\resources\app\bin
USERNAME=ROG STRIX
OS=Windows_NT
PROCESSOR_IDENTIFIER=AMD64 Family 23 Model 96 Stepping 1, AuthenticAMD
TMP=C:\Users\ROGSTR~1\AppData\Local\Temp
TEMP=C:\Users\ROGSTR~1\AppData\Local\Temp




Periodic native trim disabled

JNI global refs:
JNI global refs: 0, weak refs: 0

JNI global refs memory usage: 0, weak refs: 0

Process memory usage:
Resident Set Size: 11856K (0% of 16170096K total physical memory with 4880168K free physical memory)

OOME stack traces (most recent first):
Classloader memory used:

---------------  S Y S T E M  ---------------

OS:
 Windows 11 , 64 bit Build 22621 (10.0.22621.5415)
OS uptime: 1 days 0:55 hours

CPU: total 16 (initial active 16) (16 cores per cpu, 2 threads per core) family 23 model 96 stepping 1 microcode 0x0, cx8, cmov, fxsr, ht, mmx, 3dnowpref, sse, sse2, sse3, ssse3, sse4a, sse4.1, sse4.2, popcnt, lzcnt, tsc, tscinvbit, avx, avx2, aes, clmul, bmi1, bmi2, adx, sha, fma, vzeroupper, clflush, clflushopt, rdtscp, rdpid, f16c
Processor Information for the first 16 processors :
  Max Mhz: 2901, Current Mhz: 2901, Mhz Limit: 2901

Memory: 4k page, system-wide physical 15791M (4765M free)
TotalPageFile size 17839M (AvailPageFile size 243M)
current process WorkingSet (physical memory assigned to process): 11M, peak: 11M
current process commit charge ("private bytes"): 70M, peak: 318M

vm_info: OpenJDK 64-Bit Server VM (21.0.6+-13355223-b631.42) for windows-amd64 JRE (21.0.6+-13355223-b631.42), built on 2025-04-14T18:21:23Z by "builder" with MS VC++ 16.10 / 16.11 (VS2019)

END.
